Compiling the C compiler identification source file "CMakeCCompilerId.c" failed.
Compiler: C:/lhbspace/tool/gcc-arm-none-eabi/bin/arm-none-eabi-gcc.exe 
Build flags: 
Id flags:  

The output was:
1
c:/lhbspace/tool/gcc-arm-none-eabi/bin/../lib/gcc/arm-none-eabi/9.3.1/../../../../arm-none-eabi/bin/ld.exe: c:/lhbspace/tool/gcc-arm-none-eabi/bin/../lib/gcc/arm-none-eabi/9.3.1/../../../../arm-none-eabi/lib\libc.a(lib_a-exit.o): in function `exit':
exit.c:(.text.exit+0x2c): undefined reference to `_exit'
collect2.exe: error: ld returned 1 exit status


Compiling the CXX compiler identification source file "CMakeCXXCompilerId.cpp" failed.
Compiler: C:/lhbspace/tool/gcc-arm-none-eabi/bin/arm-none-eabi-g++.exe 
Build flags: 
Id flags:  

The output was:
1
c:/lhbspace/tool/gcc-arm-none-eabi/bin/../lib/gcc/arm-none-eabi/9.3.1/../../../../arm-none-eabi/bin/ld.exe: c:/lhbspace/tool/gcc-arm-none-eabi/bin/../lib/gcc/arm-none-eabi/9.3.1/../../../../arm-none-eabi/lib\libc.a(lib_a-exit.o): in function `exit':
exit.c:(.text.exit+0x2c): undefined reference to `_exit'
collect2.exe: error: ld returned 1 exit status


Determining if the C compiler works failed with the following output:
Change Dir: C:/lhbspace/diy/LZUI/pc_sdl_c/cmake-build-debug/CMakeFiles/CMakeTmp

Run Build Command(s):C:/lhbspace/tool/mingw64/bin/mingw32-make.exe cmTC_b30f4/fast && C:/lhbspace/tool/mingw64/bin/mingw32-make.exe  -f CMakeFiles\cmTC_b30f4.dir\build.make CMakeFiles/cmTC_b30f4.dir/build
mingw32-make.exe[1]: Entering directory 'C:/lhbspace/diy/LZUI/pc_sdl_c/cmake-build-debug/CMakeFiles/CMakeTmp'
Building C object CMakeFiles/cmTC_b30f4.dir/testCCompiler.c.obj
C:\lhbspace\tool\gcc-arm-none-eabi\bin\arm-none-eabi-gcc.exe    -o CMakeFiles\cmTC_b30f4.dir\testCCompiler.c.obj   -c C:\lhbspace\diy\LZUI\pc_sdl_c\cmake-build-debug\CMakeFiles\CMakeTmp\testCCompiler.c
Linking C executable cmTC_b30f4.exe
"C:\Program Files\JetBrains\CLion 2020.1\bin\cmake\win\bin\cmake.exe" -E cmake_link_script CMakeFiles\cmTC_b30f4.dir\link.txt --verbose=1
"C:\Program Files\JetBrains\CLion 2020.1\bin\cmake\win\bin\cmake.exe" -E rm -f CMakeFiles\cmTC_b30f4.dir/objects.a
C:\lhbspace\tool\mingw64\bin\ar.exe cr CMakeFiles\cmTC_b30f4.dir/objects.a @CMakeFiles\cmTC_b30f4.dir\objects1.rsp
C:\lhbspace\tool\gcc-arm-none-eabi\bin\arm-none-eabi-gcc.exe      -Wl,--whole-archive CMakeFiles\cmTC_b30f4.dir/objects.a -Wl,--no-whole-archive  -o cmTC_b30f4.exe -Wl,--out-implib,libcmTC_b30f4.dll.a -Wl,--major-image-version,0,--minor-image-version,0 
c:/lhbspace/tool/gcc-arm-none-eabi/bin/../lib/gcc/arm-none-eabi/9.3.1/../../../../arm-none-eabi/bin/ld.exe: unrecognized option '--major-image-version'
c:/lhbspace/tool/gcc-arm-none-eabi/bin/../lib/gcc/arm-none-eabi/9.3.1/../../../../arm-none-eabi/bin/ld.exe: use the --help option for usage information
collect2.exe: error: ld returned 1 exit status
mingw32-make.exe[1]: *** [CMakeFiles\cmTC_b30f4.dir\build.make:107: cmTC_b30f4.exe] Error 1
mingw32-make.exe[1]: Leaving directory 'C:/lhbspace/diy/LZUI/pc_sdl_c/cmake-build-debug/CMakeFiles/CMakeTmp'
mingw32-make.exe: *** [Makefile:140: cmTC_b30f4/fast] Error 2



